<testsuite failures="0" name="karate/request/2UpdatePet.feature" skipped="0" tests="3" time="0.906506">
  <testcase classname="karate.request.2UpdatePet" name="Check the service PUT method" time="0.324819">
    <system-out>* url url ................................................................. passed
* def responseUpdate = read ('classpath:Karate/request/responseUpdate.json') . passed
* def requestBodyUpdate = read ('classpath:Karate/request/requestBodyUpdate.json') . passed
Given path 'pet' .......................................................... passed
And request requestBodyUpdate ............................................. passed
When method PUT ........................................................... passed
Then status 200 ........................................................... passed
And match response == responseUpdate ...................................... passed
And assert response.id == requestBodyUpdate.id ............................ passed
And assert response.name == requestBodyUpdate.name ........................ passed
And assert response.category.id == requestBodyUpdate.category.id .......... passed
And assert response.category.name == requestBodyUpdate.category.name ...... passed
And assert response.tags.id == requestBodyUpdate.tags.id .................. passed
And assert response.tags.name == requestBodyUpdate.tags.name .............. passed
And assert response.status == requestBodyUpdate.status .................... passed</system-out>
  </testcase>
  <testcase classname="karate.request.2UpdatePet" name="PUT a pet with incorrect values at id" time="0.291456">
    <system-out>* url url ................................................................. passed
* def responseUpdate = read ('classpath:Karate/request/responseUpdate.json') . passed
* def requestBodyUpdate = read ('classpath:Karate/request/requestBodyUpdate.json') . passed
Given path 'pet' .......................................................... passed
And request requestBodyUpdate ............................................. passed
When method PUT ........................................................... passed
Then status 200 ........................................................... passed
And match response == responseUpdate ...................................... passed
And assert response.id == requestBodyUpdate.id ............................ passed
And assert response.name == requestBodyUpdate.name ........................ passed
And assert response.category.id == requestBodyUpdate.category.id .......... passed
And assert response.category.name == requestBodyUpdate.category.name ...... passed
And assert response.tags.id == requestBodyUpdate.tags.id .................. passed
And assert response.tags.name == requestBodyUpdate.tags.name .............. passed
And assert response.status == requestBodyUpdate.status .................... passed
* url url ................................................................. passed
* def requestBody = {"id": "@$%^", "category": {"id": 22,"name": '#(nameCategory)'},"name": "luna*/_","photoUrls": ["string"],"tags": [{"id":7854,"name": '#(nameTags)'}],"status": "string"} . passed
Given path 'pet' .......................................................... passed
And request requestBody ................................................... passed
When method put ........................................................... passed
Then status 500 ........................................................... passed
And match response == {"code": "#number","type": "#string","message": "#string"} . passed</system-out>
  </testcase>
  <testcase classname="karate.request.2UpdatePet" name="PUT a pet with incorrect values at id" time="0.290231">
    <system-out>* url url ................................................................. passed
* def responseUpdate = read ('classpath:Karate/request/responseUpdate.json') . passed
* def requestBodyUpdate = read ('classpath:Karate/request/requestBodyUpdate.json') . passed
Given path 'pet' .......................................................... passed
And request requestBodyUpdate ............................................. passed
When method PUT ........................................................... passed
Then status 200 ........................................................... passed
And match response == responseUpdate ...................................... passed
And assert response.id == requestBodyUpdate.id ............................ passed
And assert response.name == requestBodyUpdate.name ........................ passed
And assert response.category.id == requestBodyUpdate.category.id .......... passed
And assert response.category.name == requestBodyUpdate.category.name ...... passed
And assert response.tags.id == requestBodyUpdate.tags.id .................. passed
And assert response.tags.name == requestBodyUpdate.tags.name .............. passed
And assert response.status == requestBodyUpdate.status .................... passed
* url url ................................................................. passed
* def requestBody = {"id": "@$%^", "category": {"id": 22,"name": '#(nameCategory)'},"name": "luna*/_","photoUrls": ["string"],"tags": [{"id":7854,"name": '#(nameTags)'}],"status": "string"} . passed
Given path 'pet' .......................................................... passed
And request requestBody ................................................... passed
When method put ........................................................... passed
Then status 500 ........................................................... passed
And match response == {"code": "#number","type": "#string","message": "#string"} . passed
* url url ................................................................. passed
* def requestBody = {"id": "uno", "category": {"id": 22,"name": '#(nameCategory)'},"name": "luna*/_","photoUrls": ["string"],"tags": [{"id":7854,"name": '#(nameTags)'}],"status": "string"} . passed
Given path 'pet' .......................................................... passed
And request requestBody ................................................... passed
When method put ........................................................... passed
Then status 500 ........................................................... passed
And match response == {"code": "#number","type": "#string","message": "#string"} . passed</system-out>
  </testcase>
</testsuite>
