<testsuite failures="0" name="src/test/resources/Karate/request/AddnewPet.feature" skipped="0" tests="1" time="1.637904">
  <testcase classname="src.test.resources.Karate.request.AddnewPet" name="Check the service POST method" time="1.637904">
    <system-out>* url url ................................................................. passed
* def responseAdd = read('classpath:Karate/request/responseAdd.json' ) .... passed
* def requestCreate = read('classpath:Karate/request/requestBodyAdd.json' ) . passed
Given path 'pet' .......................................................... passed
And request requestCreate ................................................. passed
When method POST .......................................................... passed
Then status 200 ........................................................... passed
And match response == responseAdd ......................................... passed
And assert response.id == requestCreate.id ................................ passed
And assert response.name == requestCreate.name ............................ passed
And assert response.category.id == requestCreate.category.id .............. passed
And assert response.category.name == requestCreate.category.name .......... passed
And assert response.tags.id == requestCreate.tags.id ...................... passed
And assert response.tags.name == requestCreate.tags.name .................. passed
And assert response.status == requestCreate.status ........................ passed</system-out>
  </testcase>
</testsuite>
